<?xml version="1.0" encoding="UTF-8"?>
<!-- Generated by org.testng.reporters.JUnitReportReporter -->
<testsuite skipped="0" hostname="LAPTOP-HHN7D2TC" name="com.ebanking.scripts.Sample" tests="2" failures="0" timestamp="2021-10-04T11:07:45 IST" time="36.252" errors="0">
  <testcase name="bcd" time="16.187" classname="com.ebanking.scripts.Sample"/>
  <testcase name="abc" time="20.065" classname="com.ebanking.scripts.Sample"/>
</testsuite> <!-- com.ebanking.scripts.Sample -->
