<?xml version="1.0" encoding="UTF-8"?>
<!-- Generated by org.testng.reporters.JUnitReportReporter -->
<testsuite skipped="0" hostname="LAPTOP-HHN7D2TC" name="com.ebanking.master.RoleNG" tests="3" failures="0" timestamp="2021-10-06T10:41:22 IST" time="31.383" errors="0">
  <testcase name="Rol" time="10.272" classname="com.ebanking.master.RoleNG"/>
  <testcase name="Rol" time="10.736" classname="com.ebanking.master.RoleNG"/>
  <testcase name="Rol" time="10.375" classname="com.ebanking.master.RoleNG"/>
</testsuite> <!-- com.ebanking.master.RoleNG -->
